/*C3*/SET SCHEMA PUBLIC
INSERT INTO GYDOMUGYVUNUZURNALAS VALUES(26,0,2,'Smilgi\u0173 \u017d\u016aB','2013-04-08 00:00:00.000000',NULL,'Sunki liga',NULL,NULL,'2013-04-19 00:00:00.000000',NULL,'2013-04-18 00:00:00.000000','0')
INSERT INTO ZURNALOGYVUNAI VALUES(49,26,1,NULL,'5m.')
INSERT INTO ZURNALOVAISTAI VALUES(74,26,3,'Kazkoks receptas : tris kart dienoje',1,5.000,NULL)
INSERT INTO LIKUCIAI VALUES(79,NULL,NULL,3,2,1,-5.000,NULL,NULL,'2013-04-08 00:00:00.000000','0',26,74,NULL,NULL,41,NULL)
DELETE FROM GYDOMUGYVUNUZURNALAS WHERE ID=26
INSERT INTO GYDOMUGYVUNUZURNALAS VALUES(26,0,2,'Smilgi\u0173 \u017d\u016aB','2013-04-08 00:00:00.000000',NULL,'Sunki liga','karv\u0117 5m. ','Biovital super kuper injection\u000aD.t.d. No 5 flak\u000aKazkoks receptas : tris kart dienoje','2013-04-19 00:00:00.000000',NULL,'2013-04-18 00:00:00.000000','0')
COMMIT
DELETE FROM ZURNALOGYVUNAI WHERE ID=49
DELETE FROM LIKUCIAI WHERE ID=79
DELETE FROM ZURNALOVAISTAI WHERE ID=74
INSERT INTO ZURNALOGYVUNAI VALUES(50,26,1,NULL,'5m.')
INSERT INTO ZURNALOVAISTAI VALUES(75,26,3,'Kazkoks receptas : tris kart dienoje',1,5.000,NULL)
INSERT INTO LIKUCIAI VALUES(80,NULL,NULL,3,2,1,-5.000,NULL,NULL,'2013-04-08 00:00:00.000000','0',26,75,NULL,NULL,41,NULL)
DELETE FROM GYDOMUGYVUNUZURNALAS WHERE ID=26
INSERT INTO GYDOMUGYVUNUZURNALAS VALUES(26,0,2,'Smilgi\u0173 \u017d\u016aB','2013-04-08 00:00:00.000000',NULL,'Sunki liga','karv\u0117 5m. ','Biovital super kuper injection\u000aD.t.d. No 5 flak\u000aKazkoks receptas : tris kart dienoje','2013-04-20 00:00:00.000000',NULL,'2013-04-19 00:00:00.000000','0')
COMMIT
INSERT INTO NURASYMAI VALUES(18,'4',2,'2013-04-30 00:00:00.000000',0,NULL)
DELETE FROM LIKUCIAI WHERE ID=75
INSERT INTO LIKUCIAI VALUES(75,'4',NULL,2,2,2,-2.000,NULL,NULL,'2013-04-11 00:00:00.000000','0',25,70,NULL,NULL,39,18)
DELETE FROM LIKUCIAI WHERE ID=76
INSERT INTO LIKUCIAI VALUES(76,'4',NULL,2,2,2,-900.000,NULL,NULL,'2013-04-11 00:56:22.998000','0',20,71,NULL,NULL,39,18)
DELETE FROM LIKUCIAI WHERE ID=80
INSERT INTO LIKUCIAI VALUES(80,'4',NULL,3,2,1,-5.000,NULL,NULL,'2013-04-08 00:00:00.000000','0',26,75,NULL,NULL,41,18)
COMMIT
